[debug] [2024-11-20T13:56:43.136Z] ----------------------------------------------------------------------
[debug] [2024-11-20T13:56:43.140Z] Command:       C:\Program Files\nodejs\node.exe C:\Users\akinb\AppData\Roaming\npm\node_modules\firebase-tools\lib\bin\firebase.js init
[debug] [2024-11-20T13:56:43.140Z] CLI Version:   13.23.0
[debug] [2024-11-20T13:56:43.141Z] Platform:      win32
[debug] [2024-11-20T13:56:43.141Z] Node Version:  v20.18.0
[debug] [2024-11-20T13:56:43.141Z] Time:          Wed Nov 20 2024 10:56:43 GMT-0300 (Horário Padrão de Brasília)
[debug] [2024-11-20T13:56:43.141Z] ----------------------------------------------------------------------
[debug] 
[debug] [2024-11-20T13:56:43.255Z] > command requires scopes: ["email","openid","https://www.googleapis.com/auth/cloudplatformprojects.readonly","https://www.googleapis.com/auth/firebase","https://www.googleapis.com/auth/cloud-platform"]
[debug] [2024-11-20T13:56:43.255Z] > authorizing via signed-in user (akin.bezerra123@gmail.com)
[info] 
     ######## #### ########  ######## ########     ###     ######  ########
     ##        ##  ##     ## ##       ##     ##  ##   ##  ##       ##
     ######    ##  ########  ######   ########  #########  ######  ######
     ##        ##  ##    ##  ##       ##     ## ##     ##       ## ##
     ##       #### ##     ## ######## ########  ##     ##  ######  ########

You're about to initialize a Firebase project in this directory:

  C:\Users\akinb\dev\autoatendimento

Before we get started, keep in mind:

  * You are initializing within an existing Firebase project directory

